Flow report for MobilityMSI
Thu Feb  5 20:37:09 2015
Quartus II 64-Bit Version 14.0.0 Build 200 06/17/2014 SJ Web Edition


---------------------
; Table of Contents ;
---------------------
  1. Legal Notice
  2. Flow Summary
  3. Flow Settings
  4. Flow Non-Default Global Settings
  5. Flow Elapsed Time
  6. Flow OS Summary
  7. Flow Log
  8. Flow Messages
  9. Flow Suppressed Messages



----------------
; Legal Notice ;
----------------
Copyright (C) 1991-2014 Altera Corporation. All rights reserved.
Your use of Altera Corporation's design tools, logic functions 
and other software and tools, and its AMPP partner logic 
functions, and any output files from any of the foregoing 
(including device programming or simulation files), and any 
associated documentation or information are expressly subject 
to the terms and conditions of the Altera Program License 
Subscription Agreement, the Altera Quartus II License Agreement,
the Altera MegaCore Function License Agreement, or other 
applicable license agreement, including, without limitation, 
that your use is for the sole purpose of programming logic 
devices manufactured by Altera and sold by Altera or its 
authorized distributors.  Please refer to the applicable 
agreement for further details.



+------------------------------------------------------------------------+
; Flow Summary                                                           ;
+---------------------------+--------------------------------------------+
; Flow Status               ; Successful - Thu Feb  5 20:37:09 2015      ;
; Quartus II 64-Bit Version ; 14.0.0 Build 200 06/17/2014 SJ Web Edition ;
; Revision Name             ; MobilityMSI                                ;
; Top-level Entity Name     ; MobilityMSI                                ;
; Family                    ; MAX V                                      ;
; Device                    ; 5M1270ZT144C5                              ;
; Timing Models             ; Final                                      ;
; Total logic elements      ; 0 / 1,270 ( 0 % )                          ;
; Total pins                ; 102 / 114 ( 89 % )                         ;
; Total virtual pins        ; 0                                          ;
; UFM blocks                ; 0 / 1 ( 0 % )                              ;
+---------------------------+--------------------------------------------+


+-----------------------------------------+
; Flow Settings                           ;
+-------------------+---------------------+
; Option            ; Setting             ;
+-------------------+---------------------+
; Start date & time ; 02/05/2015 20:36:26 ;
; Main task         ; Compilation         ;
; Revision Name     ; MobilityMSI         ;
+-------------------+---------------------+


+-----------------------------------------------------------------------------------------------------------+
; Flow Non-Default Global Settings                                                                          ;
+--------------------------+---------------------------------+---------------+-------------+----------------+
; Assignment Name          ; Value                           ; Default Value ; Entity Name ; Section Id     ;
+--------------------------+---------------------------------+---------------+-------------+----------------+
; COMPILER_SIGNATURE_ID    ; 132241047577851.142314878622226 ; --            ; --          ; --             ;
; EDA_OUTPUT_DATA_FORMAT   ; Vhdl                            ; --            ; --          ; eda_simulation ;
; EDA_SIMULATION_TOOL      ; ModelSim-Altera (VHDL)          ; <None>        ; --          ; --             ;
; MAX_CORE_JUNCTION_TEMP   ; 85                              ; --            ; --          ; --             ;
; MIN_CORE_JUNCTION_TEMP   ; 0                               ; --            ; --          ; --             ;
; PROJECT_OUTPUT_DIRECTORY ; output_files                    ; --            ; --          ; --             ;
+--------------------------+---------------------------------+---------------+-------------+----------------+


+-------------------------------------------------------------------------------------------------------------------------------+
; Flow Elapsed Time                                                                                                             ;
+---------------------------+--------------+-------------------------+---------------------+------------------------------------+
; Module Name               ; Elapsed Time ; Average Processors Used ; Peak Virtual Memory ; Total CPU Time (on all processors) ;
+---------------------------+--------------+-------------------------+---------------------+------------------------------------+
; Analysis & Synthesis      ; 00:00:06     ; 1.0                     ; 786 MB              ; 00:00:03                           ;
; Fitter                    ; 00:00:07     ; 1.0                     ; 761 MB              ; 00:00:03                           ;
; Assembler                 ; 00:00:02     ; 1.0                     ; 640 MB              ; 00:00:01                           ;
; TimeQuest Timing Analyzer ; 00:00:02     ; 1.0                     ; 575 MB              ; 00:00:01                           ;
; EDA Netlist Writer        ; 00:00:01     ; 1.0                     ; 859 MB              ; 00:00:01                           ;
; Total                     ; 00:00:18     ; --                      ; --                  ; 00:00:09                           ;
+---------------------------+--------------+-------------------------+---------------------+------------------------------------+


+---------------------------------------------------------------------------------------------+
; Flow OS Summary                                                                             ;
+---------------------------+------------------+----------------+------------+----------------+
; Module Name               ; Machine Hostname ; OS Name        ; OS Version ; Processor type ;
+---------------------------+------------------+----------------+------------+----------------+
; Analysis & Synthesis      ; Kamal-Dell       ; Ubuntu 14.04.1 ; 14         ; x86_64         ;
; Fitter                    ; Kamal-Dell       ; Ubuntu 14.04.1 ; 14         ; x86_64         ;
; Assembler                 ; Kamal-Dell       ; Ubuntu 14.04.1 ; 14         ; x86_64         ;
; TimeQuest Timing Analyzer ; Kamal-Dell       ; Ubuntu 14.04.1 ; 14         ; x86_64         ;
; EDA Netlist Writer        ; Kamal-Dell       ; Ubuntu 14.04.1 ; 14         ; x86_64         ;
+---------------------------+------------------+----------------+------------+----------------+


------------
; Flow Log ;
------------
quartus_map --read_settings_files=on --write_settings_files=off MobilityMSI -c MobilityMSI
quartus_fit --read_settings_files=off --write_settings_files=off MobilityMSI -c MobilityMSI
quartus_asm --read_settings_files=off --write_settings_files=off MobilityMSI -c MobilityMSI
quartus_sta MobilityMSI -c MobilityMSI
quartus_eda --read_settings_files=off --write_settings_files=off MobilityMSI -c MobilityMSI



