Fitter report for MobilityMSI
Thu Feb  5 20:36:41 2015
Quartus II 64-Bit Version 14.0.0 Build 200 06/17/2014 SJ Web Edition


---------------------
; Table of Contents ;
---------------------
  1. Legal Notice
  2. Fitter Summary
  3. Fitter Settings
  4. Parallel Compilation
  5. Pin-Out File
  6. Fitter Resource Usage Summary
  7. Input Pins
  8. Output Pins
  9. Bidir Pins
 10. I/O Bank Usage
 11. All Package Pins
 12. Output Pin Default Load For Reported TCO
 13. Fitter Resource Utilization by Entity
 14. Delay Chain Summary
 15. Routing Usage Summary
 16. Fitter Device Options
 17. Fitter Messages
 18. Fitter Suppressed Messages



----------------
; Legal Notice ;
----------------
Copyright (C) 1991-2014 Altera Corporation. All rights reserved.
Your use of Altera Corporation's design tools, logic functions 
and other software and tools, and its AMPP partner logic 
functions, and any output files from any of the foregoing 
(including device programming or simulation files), and any 
associated documentation or information are expressly subject 
to the terms and conditions of the Altera Program License 
Subscription Agreement, the Altera Quartus II License Agreement,
the Altera MegaCore Function License Agreement, or other 
applicable license agreement, including, without limitation, 
that your use is for the sole purpose of programming logic 
devices manufactured by Altera and sold by Altera or its 
authorized distributors.  Please refer to the applicable 
agreement for further details.



+------------------------------------------------------------------------+
; Fitter Summary                                                         ;
+---------------------------+--------------------------------------------+
; Fitter Status             ; Successful - Thu Feb  5 20:36:41 2015      ;
; Quartus II 64-Bit Version ; 14.0.0 Build 200 06/17/2014 SJ Web Edition ;
; Revision Name             ; MobilityMSI                                ;
; Top-level Entity Name     ; MobilityMSI                                ;
; Family                    ; MAX V                                      ;
; Device                    ; 5M1270ZT144C5                              ;
; Timing Models             ; Final                                      ;
; Total logic elements      ; 0 / 1,270 ( 0 % )                          ;
; Total pins                ; 102 / 114 ( 89 % )                         ;
; Total virtual pins        ; 0                                          ;
; UFM blocks                ; 0 / 1 ( 0 % )                              ;
+---------------------------+--------------------------------------------+


+----------------------------------------------------------------------------------------------------------------------------------------------+
; Fitter Settings                                                                                                                              ;
+----------------------------------------------------------------------------+--------------------------------+--------------------------------+
; Option                                                                     ; Setting                        ; Default Value                  ;
+----------------------------------------------------------------------------+--------------------------------+--------------------------------+
; Device                                                                     ; 5M1270ZT144C5                  ;                                ;
; Minimum Core Junction Temperature                                          ; 0                              ;                                ;
; Maximum Core Junction Temperature                                          ; 85                             ;                                ;
; Fit Attempts to Skip                                                       ; 0                              ; 0.0                            ;
; Device I/O Standard                                                        ; 3.3-V LVTTL                    ;                                ;
; Use smart compilation                                                      ; Off                            ; Off                            ;
; Enable parallel Assembler and TimeQuest Timing Analyzer during compilation ; On                             ; On                             ;
; Enable compact report table                                                ; Off                            ; Off                            ;
; Router Timing Optimization Level                                           ; Normal                         ; Normal                         ;
; Placement Effort Multiplier                                                ; 1.0                            ; 1.0                            ;
; Router Effort Multiplier                                                   ; 1.0                            ; 1.0                            ;
; Always Enable Input Buffers                                                ; Off                            ; Off                            ;
; Optimize Hold Timing                                                       ; IO Paths and Minimum TPD Paths ; IO Paths and Minimum TPD Paths ;
; Optimize Multi-Corner Timing                                               ; Off                            ; Off                            ;
; Guarantee I/O Paths Have Zero Hold Time at Fast Corner                     ; On                             ; On                             ;
; PowerPlay Power Optimization                                               ; Normal compilation             ; Normal compilation             ;
; Optimize Timing                                                            ; Normal compilation             ; Normal compilation             ;
; Optimize Timing for ECOs                                                   ; Off                            ; Off                            ;
; Regenerate full fit report during ECO compiles                             ; Off                            ; Off                            ;
; Optimize IOC Register Placement for Timing                                 ; Normal                         ; Normal                         ;
; Limit to One Fitting Attempt                                               ; Off                            ; Off                            ;
; Final Placement Optimizations                                              ; Automatically                  ; Automatically                  ;
; Fitter Aggressive Routability Optimizations                                ; Automatically                  ; Automatically                  ;
; Fitter Initial Placement Seed                                              ; 1                              ; 1                              ;
; Slow Slew Rate                                                             ; Off                            ; Off                            ;
; PCI I/O                                                                    ; Off                            ; Off                            ;
; Weak Pull-Up Resistor                                                      ; Off                            ; Off                            ;
; Enable Bus-Hold Circuitry                                                  ; Off                            ; Off                            ;
; Auto Delay Chains                                                          ; On                             ; On                             ;
; Auto Delay Chains for High Fanout Input Pins                               ; Off                            ; Off                            ;
; Perform Physical Synthesis for Combinational Logic for Performance         ; Off                            ; Off                            ;
; Perform Register Duplication for Performance                               ; Off                            ; Off                            ;
; Perform Register Retiming for Performance                                  ; Off                            ; Off                            ;
; Perform Asynchronous Signal Pipelining                                     ; Off                            ; Off                            ;
; Fitter Effort                                                              ; Auto Fit                       ; Auto Fit                       ;
; Physical Synthesis Effort Level                                            ; Normal                         ; Normal                         ;
; Logic Cell Insertion - Logic Duplication                                   ; Auto                           ; Auto                           ;
; Auto Register Duplication                                                  ; Auto                           ; Auto                           ;
; Auto Global Clock                                                          ; On                             ; On                             ;
; Auto Global Register Control Signals                                       ; On                             ; On                             ;
; Force Fitter to Avoid Periphery Placement Warnings                         ; Off                            ; Off                            ;
+----------------------------------------------------------------------------+--------------------------------+--------------------------------+


Parallel compilation was disabled, but you have multiple processors available. Enable parallel compilation to reduce compilation time.
+-------------------------------------+
; Parallel Compilation                ;
+----------------------------+--------+
; Processors                 ; Number ;
+----------------------------+--------+
; Number detected on machine ; 4      ;
; Maximum allowed            ; 1      ;
+----------------------------+--------+


+--------------+
; Pin-Out File ;
+--------------+
The pin-out file can be found in /home/singularity/cloud/git/MSI-URC-2015/subsystems/experimental/mobility/quartus/output_files/MobilityMSI.pin.


+------------------------------------------------------------------+
; Fitter Resource Usage Summary                                    ;
+---------------------------------------------+--------------------+
; Resource                                    ; Usage              ;
+---------------------------------------------+--------------------+
; Total logic elements                        ; 0 / 1,270 ( 0 % )  ;
;     -- Combinational with no register       ; 0                  ;
;     -- Register only                        ; 0                  ;
;     -- Combinational with a register        ; 0                  ;
;                                             ;                    ;
; Logic element usage by number of LUT inputs ;                    ;
;     -- 4 input functions                    ; 0                  ;
;     -- 3 input functions                    ; 0                  ;
;     -- 2 input functions                    ; 0                  ;
;     -- 1 input functions                    ; 0                  ;
;     -- 0 input functions                    ; 0                  ;
;                                             ;                    ;
; Logic elements by mode                      ;                    ;
;     -- normal mode                          ; 0                  ;
;     -- arithmetic mode                      ; 0                  ;
;     -- qfbk mode                            ; 0                  ;
;     -- register cascade mode                ; 0                  ;
;     -- synchronous clear/load mode          ; 0                  ;
;     -- asynchronous clear/load mode         ; 0                  ;
;                                             ;                    ;
; Total registers                             ; 0 / 1,270 ( 0 % )  ;
; Total LABs                                  ; 0 / 127 ( 0 % )    ;
; Logic elements in carry chains              ; 0                  ;
; Virtual pins                                ; 0                  ;
; I/O pins                                    ; 102 / 114 ( 89 % ) ;
;     -- Clock pins                           ; 4 / 4 ( 100 % )    ;
;                                             ;                    ;
; Global signals                              ; 0                  ;
; UFM blocks                                  ; 0 / 1 ( 0 % )      ;
; Global clocks                               ; 0 / 4 ( 0 % )      ;
; JTAGs                                       ; 0 / 1 ( 0 % )      ;
; Average interconnect usage (total/H/V)      ; 0.0% / 0.0% / 0.0% ;
; Peak interconnect usage (total/H/V)         ; 0.0% / 0.0% / 0.0% ;
+---------------------------------------------+--------------------+


+-----------------------------------------------------------------------------------------------------------------------------------------------------------------------------------------------------------------------------------------+
; Input Pins                                                                                                                                                                                                                              ;
+--------------------+-------+----------+--------------+--------------+-------------+-----------------------+--------------------+--------+-----------------+----------+--------------+----------------------------+----------------------+
; Name               ; Pin # ; I/O Bank ; X coordinate ; Y coordinate ; Cell number ; Combinational Fan-Out ; Registered Fan-Out ; Global ; PCI I/O Enabled ; Bus Hold ; Weak Pull Up ; I/O Standard               ; Location assigned by ;
+--------------------+-------+----------+--------------+--------------+-------------+-----------------------+--------------------+--------+-----------------+----------+--------------+----------------------------+----------------------+
; clk                ; 18    ; 1        ; 0            ; 7            ; 5           ; 0                     ; 0                  ; no     ; no              ; no       ; Off          ; 3.3V Schmitt Trigger Input ; User                 ;
; clk_comm           ; 91    ; 3        ; 17           ; 5            ; 0           ; 0                     ; 0                  ; no     ; no              ; no       ; Off          ; 3.3V Schmitt Trigger Input ; User                 ;
; encoder_a[0]       ; 97    ; 3        ; 17           ; 6            ; 1           ; 0                     ; 0                  ; no     ; no              ; no       ; Off          ; 3.3-V LVTTL                ; User                 ;
; encoder_a[1]       ; 95    ; 3        ; 17           ; 6            ; 3           ; 0                     ; 0                  ; no     ; no              ; no       ; Off          ; 3.3-V LVTTL                ; User                 ;
; encoder_a[2]       ; 93    ; 3        ; 17           ; 6            ; 5           ; 0                     ; 0                  ; no     ; no              ; no       ; Off          ; 3.3-V LVTTL                ; User                 ;
; encoder_a[3]       ; 88    ; 3        ; 17           ; 5            ; 2           ; 0                     ; 0                  ; no     ; no              ; no       ; Off          ; 3.3-V LVTTL                ; User                 ;
; encoder_a[4]       ; 86    ; 3        ; 17           ; 5            ; 4           ; 0                     ; 0                  ; no     ; no              ; no       ; Off          ; 3.3-V LVTTL                ; User                 ;
; encoder_a[5]       ; 84    ; 3        ; 17           ; 4            ; 0           ; 0                     ; 0                  ; no     ; no              ; no       ; Off          ; 3.3-V LVTTL                ; User                 ;
; encoder_a[6]       ; 80    ; 3        ; 17           ; 3            ; 0           ; 0                     ; 0                  ; no     ; no              ; no       ; Off          ; 3.3-V LVTTL                ; User                 ;
; encoder_a[7]       ; 77    ; 3        ; 17           ; 2            ; 0           ; 0                     ; 0                  ; no     ; no              ; no       ; Off          ; 3.3-V LVTTL                ; User                 ;
; encoder_a[8]       ; 75    ; 3        ; 17           ; 1            ; 0           ; 0                     ; 0                  ; no     ; no              ; no       ; Off          ; 3.3-V LVTTL                ; User                 ;
; encoder_a[9]       ; 73    ; 3        ; 17           ; 1            ; 2           ; 0                     ; 0                  ; no     ; no              ; no       ; Off          ; 3.3-V LVTTL                ; User                 ;
; encoder_b[0]       ; 98    ; 3        ; 17           ; 6            ; 0           ; 0                     ; 0                  ; no     ; no              ; no       ; Off          ; 3.3-V LVTTL                ; User                 ;
; encoder_b[1]       ; 96    ; 3        ; 17           ; 6            ; 2           ; 0                     ; 0                  ; no     ; no              ; no       ; Off          ; 3.3-V LVTTL                ; User                 ;
; encoder_b[2]       ; 94    ; 3        ; 17           ; 6            ; 4           ; 0                     ; 0                  ; no     ; no              ; no       ; Off          ; 3.3-V LVTTL                ; User                 ;
; encoder_b[3]       ; 89    ; 3        ; 17           ; 5            ; 1           ; 0                     ; 0                  ; no     ; no              ; no       ; Off          ; 3.3-V LVTTL                ; User                 ;
; encoder_b[4]       ; 87    ; 3        ; 17           ; 5            ; 3           ; 0                     ; 0                  ; no     ; no              ; no       ; Off          ; 3.3-V LVTTL                ; User                 ;
; encoder_b[5]       ; 85    ; 3        ; 17           ; 5            ; 5           ; 0                     ; 0                  ; no     ; no              ; no       ; Off          ; 3.3-V LVTTL                ; User                 ;
; encoder_b[6]       ; 81    ; 3        ; 17           ; 4            ; 2           ; 0                     ; 0                  ; no     ; no              ; no       ; Off          ; 3.3-V LVTTL                ; User                 ;
; encoder_b[7]       ; 79    ; 3        ; 17           ; 3            ; 1           ; 0                     ; 0                  ; no     ; no              ; no       ; Off          ; 3.3-V LVTTL                ; User                 ;
; encoder_b[8]       ; 76    ; 3        ; 17           ; 2            ; 3           ; 0                     ; 0                  ; no     ; no              ; no       ; Off          ; 3.3-V LVTTL                ; User                 ;
; encoder_b[9]       ; 74    ; 3        ; 17           ; 1            ; 1           ; 0                     ; 0                  ; no     ; no              ; no       ; Off          ; 3.3-V LVTTL                ; User                 ;
; lock               ; 12    ; 1        ; 0            ; 7            ; 0           ; 0                     ; 0                  ; no     ; no              ; no       ; Off          ; 3.3-V LVTTL                ; User                 ;
; miso_host_0        ; 57    ; 4        ; 8            ; 3            ; 0           ; 0                     ; 0                  ; no     ; no              ; no       ; Off          ; 3.3-V LVTTL                ; User                 ;
; miso_host_1        ; 123   ; 2        ; 9            ; 11           ; 0           ; 0                     ; 0                  ; no     ; no              ; no       ; Off          ; 3.3-V LVTTL                ; User                 ;
; mosi_slave         ; 4     ; 1        ; 0            ; 9            ; 0           ; 0                     ; 0                  ; no     ; no              ; no       ; Off          ; 3.3-V LVTTL                ; User                 ;
; proto_select       ; 13    ; 1        ; 0            ; 7            ; 1           ; 0                     ; 0                  ; no     ; no              ; no       ; Off          ; 3.3-V LVTTL                ; User                 ;
; sck_slave          ; 5     ; 1        ; 0            ; 9            ; 2           ; 0                     ; 0                  ; no     ; no              ; no       ; Off          ; 3.3-V LVTTL                ; User                 ;
; scl_slave          ; 8     ; 1        ; 0            ; 8            ; 1           ; 0                     ; 0                  ; no     ; no              ; no       ; Off          ; 3.3-V LVTTL                ; User                 ;
; ss_slave           ; 6     ; 1        ; 0            ; 9            ; 3           ; 0                     ; 0                  ; no     ; no              ; no       ; Off          ; 3.3-V LVTTL                ; User                 ;
; uart_rx            ; 24    ; 1        ; 0            ; 6            ; 3           ; 0                     ; 0                  ; no     ; no              ; no       ; Off          ; 3.3-V LVTTL                ; User                 ;
; ultrasonic_echo[0] ; 108   ; 3        ; 17           ; 10           ; 4           ; 0                     ; 0                  ; no     ; yes             ; no       ; Off          ; 3.3-V PCI                  ; User                 ;
; ultrasonic_echo[1] ; 107   ; 3        ; 17           ; 9            ; 1           ; 0                     ; 0                  ; no     ; yes             ; no       ; Off          ; 3.3-V PCI                  ; User                 ;
; ultrasonic_echo[2] ; 106   ; 3        ; 17           ; 9            ; 3           ; 0                     ; 0                  ; no     ; yes             ; no       ; Off          ; 3.3-V PCI                  ; User                 ;
; ultrasonic_echo[3] ; 105   ; 3        ; 17           ; 8            ; 0           ; 0                     ; 0                  ; no     ; yes             ; no       ; Off          ; 3.3-V PCI                  ; User                 ;
; ultrasonic_echo[4] ; 104   ; 3        ; 17           ; 8            ; 1           ; 0                     ; 0                  ; no     ; yes             ; no       ; Off          ; 3.3-V PCI                  ; User                 ;
; ultrasonic_echo[5] ; 103   ; 3        ; 17           ; 8            ; 5           ; 0                     ; 0                  ; no     ; yes             ; no       ; Off          ; 3.3-V PCI                  ; User                 ;
; ultrasonic_echo[6] ; 102   ; 3        ; 17           ; 7            ; 0           ; 0                     ; 0                  ; no     ; yes             ; no       ; Off          ; 3.3-V PCI                  ; User                 ;
; ultrasonic_echo[7] ; 101   ; 3        ; 17           ; 7            ; 4           ; 0                     ; 0                  ; no     ; yes             ; no       ; Off          ; 3.3-V PCI                  ; User                 ;
+--------------------+-------+----------+--------------+--------------+-------------+-----------------------+--------------------+--------+-----------------+----------+--------------+----------------------------+----------------------+


+--------------------------------------------------------------------------------------------------------------------------------------------------------------------------------------------------------------------------------------------------------------------------------------------------------------------------------------+
; Output Pins                                                                                                                                                                                                                                                                                                                          ;
+--------------------+-------+----------+--------------+--------------+-------------+-----------------+----------------+-----------------+------------+---------------+----------+--------------+--------------+------------------+------------------------+----------------------+-------+----------------------+---------------------+
; Name               ; Pin # ; I/O Bank ; X coordinate ; Y coordinate ; Cell number ; Output Register ; Slow Slew Rate ; PCI I/O Enabled ; Open Drain ; TRI Primitive ; Bus Hold ; Weak Pull Up ; I/O Standard ; Current Strength ; Fast Output Connection ; Location assigned by ; Load  ; Output Enable Source ; Output Enable Group ;
+--------------------+-------+----------+--------------+--------------+-------------+-----------------+----------------+-----------------+------------+---------------+----------+--------------+--------------+------------------+------------------------+----------------------+-------+----------------------+---------------------+
; miso_slave         ; 3     ; 1        ; 0            ; 10           ; 5           ; no              ; no             ; no              ; no         ; no            ; no       ; Off          ; 3.3-V LVTTL  ; 16mA             ; no                     ; User                 ; 10 pF ; -                    ; -                   ;
; mosi_host_0        ; 58    ; 4        ; 9            ; 3            ; 2           ; no              ; no             ; no              ; no         ; no            ; no       ; Off          ; 3.3-V LVTTL  ; 16mA             ; no                     ; User                 ; 10 pF ; -                    ; -                   ;
; mosi_host_1        ; 122   ; 2        ; 10           ; 11           ; 2           ; no              ; no             ; no              ; no         ; no            ; no       ; Off          ; 3.3-V LVTTL  ; 16mA             ; no                     ; User                 ; 10 pF ; -                    ; -                   ;
; motor_en[0]        ; 130   ; 2        ; 8            ; 11           ; 1           ; no              ; no             ; no              ; no         ; no            ; no       ; Off          ; 3.3-V LVTTL  ; 16mA             ; no                     ; User                 ; 10 pF ; -                    ; -                   ;
; motor_en[1]        ; 144   ; 2        ; 1            ; 11           ; 2           ; no              ; no             ; no              ; no         ; no            ; no       ; Off          ; 3.3-V LVTTL  ; 16mA             ; no                     ; User                 ; 10 pF ; -                    ; -                   ;
; motor_en[2]        ; 37    ; 4        ; 1            ; 3            ; 0           ; no              ; no             ; no              ; no         ; no            ; no       ; Off          ; 3.3-V LVTTL  ; 16mA             ; no                     ; User                 ; 10 pF ; -                    ; -                   ;
; motor_en[3]        ; 51    ; 4        ; 7            ; 3            ; 0           ; no              ; no             ; no              ; no         ; no            ; no       ; Off          ; 3.3-V LVTTL  ; 16mA             ; no                     ; User                 ; 10 pF ; -                    ; -                   ;
; motor_en[4]        ; 133   ; 2        ; 7            ; 11           ; 1           ; no              ; no             ; no              ; no         ; no            ; no       ; Off          ; 3.3-V LVTTL  ; 16mA             ; no                     ; User                 ; 10 pF ; -                    ; -                   ;
; motor_en[5]        ; 138   ; 2        ; 5            ; 11           ; 0           ; no              ; no             ; no              ; no         ; no            ; no       ; Off          ; 3.3-V LVTTL  ; 16mA             ; no                     ; User                 ; 10 pF ; -                    ; -                   ;
; motor_en[6]        ; 141   ; 2        ; 4            ; 11           ; 2           ; no              ; no             ; no              ; no         ; no            ; no       ; Off          ; 3.3-V LVTTL  ; 16mA             ; no                     ; User                 ; 10 pF ; -                    ; -                   ;
; motor_en[7]        ; 40    ; 4        ; 3            ; 3            ; 1           ; no              ; no             ; no              ; no         ; no            ; no       ; Off          ; 3.3-V LVTTL  ; 16mA             ; no                     ; User                 ; 10 pF ; -                    ; -                   ;
; motor_en[8]        ; 43    ; 4        ; 5            ; 3            ; 3           ; no              ; no             ; no              ; no         ; no            ; no       ; Off          ; 3.3-V LVTTL  ; 16mA             ; no                     ; User                 ; 10 pF ; -                    ; -                   ;
; motor_en[9]        ; 48    ; 4        ; 7            ; 3            ; 3           ; no              ; no             ; no              ; no         ; no            ; no       ; Off          ; 3.3-V LVTTL  ; 16mA             ; no                     ; User                 ; 10 pF ; -                    ; -                   ;
; motor_pwm_f[0]     ; 129   ; 2        ; 8            ; 11           ; 0           ; no              ; no             ; no              ; no         ; no            ; no       ; Off          ; 3.3-V LVTTL  ; 16mA             ; no                     ; User                 ; 10 pF ; -                    ; -                   ;
; motor_pwm_f[1]     ; 143   ; 2        ; 2            ; 11           ; 3           ; no              ; no             ; no              ; no         ; no            ; no       ; Off          ; 3.3-V LVTTL  ; 16mA             ; no                     ; User                 ; 10 pF ; -                    ; -                   ;
; motor_pwm_f[2]     ; 38    ; 4        ; 2            ; 3            ; 3           ; no              ; no             ; no              ; no         ; no            ; no       ; Off          ; 3.3-V LVTTL  ; 16mA             ; no                     ; User                 ; 10 pF ; -                    ; -                   ;
; motor_pwm_f[3]     ; 52    ; 4        ; 8            ; 3            ; 3           ; no              ; no             ; no              ; no         ; no            ; no       ; Off          ; 3.3-V LVTTL  ; 16mA             ; no                     ; User                 ; 10 pF ; -                    ; -                   ;
; motor_pwm_f[4]     ; 132   ; 2        ; 7            ; 11           ; 0           ; no              ; no             ; no              ; no         ; no            ; no       ; Off          ; 3.3-V LVTTL  ; 16mA             ; no                     ; User                 ; 10 pF ; -                    ; -                   ;
; motor_pwm_f[5]     ; 137   ; 2        ; 6            ; 11           ; 3           ; no              ; no             ; no              ; no         ; no            ; no       ; Off          ; 3.3-V LVTTL  ; 16mA             ; no                     ; User                 ; 10 pF ; -                    ; -                   ;
; motor_pwm_f[6]     ; 140   ; 2        ; 4            ; 11           ; 1           ; no              ; no             ; no              ; no         ; no            ; no       ; Off          ; 3.3-V LVTTL  ; 16mA             ; no                     ; User                 ; 10 pF ; -                    ; -                   ;
; motor_pwm_f[7]     ; 41    ; 4        ; 3            ; 3            ; 0           ; no              ; no             ; no              ; no         ; no            ; no       ; Off          ; 3.3-V LVTTL  ; 16mA             ; no                     ; User                 ; 10 pF ; -                    ; -                   ;
; motor_pwm_f[8]     ; 44    ; 4        ; 5            ; 3            ; 2           ; no              ; no             ; no              ; no         ; no            ; no       ; Off          ; 3.3-V LVTTL  ; 16mA             ; no                     ; User                 ; 10 pF ; -                    ; -                   ;
; motor_pwm_f[9]     ; 49    ; 4        ; 7            ; 3            ; 2           ; no              ; no             ; no              ; no         ; no            ; no       ; Off          ; 3.3-V LVTTL  ; 16mA             ; no                     ; User                 ; 10 pF ; -                    ; -                   ;
; motor_pwm_r[0]     ; 127   ; 2        ; 9            ; 11           ; 3           ; no              ; no             ; no              ; no         ; no            ; no       ; Off          ; 3.3-V LVTTL  ; 16mA             ; no                     ; User                 ; 10 pF ; -                    ; -                   ;
; motor_pwm_r[1]     ; 142   ; 2        ; 3            ; 11           ; 2           ; no              ; no             ; no              ; no         ; no            ; no       ; Off          ; 3.3-V LVTTL  ; 16mA             ; no                     ; User                 ; 10 pF ; -                    ; -                   ;
; motor_pwm_r[2]     ; 39    ; 4        ; 2            ; 3            ; 0           ; no              ; no             ; no              ; no         ; no            ; no       ; Off          ; 3.3-V LVTTL  ; 16mA             ; no                     ; User                 ; 10 pF ; -                    ; -                   ;
; motor_pwm_r[3]     ; 53    ; 4        ; 8            ; 3            ; 2           ; no              ; no             ; no              ; no         ; no            ; no       ; Off          ; 3.3-V LVTTL  ; 16mA             ; no                     ; User                 ; 10 pF ; -                    ; -                   ;
; motor_pwm_r[4]     ; 131   ; 2        ; 8            ; 11           ; 2           ; no              ; no             ; no              ; no         ; no            ; no       ; Off          ; 3.3-V LVTTL  ; 16mA             ; no                     ; User                 ; 10 pF ; -                    ; -                   ;
; motor_pwm_r[5]     ; 134   ; 2        ; 7            ; 11           ; 2           ; no              ; no             ; no              ; no         ; no            ; no       ; Off          ; 3.3-V LVTTL  ; 16mA             ; no                     ; User                 ; 10 pF ; -                    ; -                   ;
; motor_pwm_r[6]     ; 139   ; 2        ; 5            ; 11           ; 1           ; no              ; no             ; no              ; no         ; no            ; no       ; Off          ; 3.3-V LVTTL  ; 16mA             ; no                     ; User                 ; 10 pF ; -                    ; -                   ;
; motor_pwm_r[7]     ; 42    ; 4        ; 4            ; 3            ; 0           ; no              ; no             ; no              ; no         ; no            ; no       ; Off          ; 3.3-V LVTTL  ; 16mA             ; no                     ; User                 ; 10 pF ; -                    ; -                   ;
; motor_pwm_r[8]     ; 45    ; 4        ; 6            ; 3            ; 0           ; no              ; no             ; no              ; no         ; no            ; no       ; Off          ; 3.3-V LVTTL  ; 16mA             ; no                     ; User                 ; 10 pF ; -                    ; -                   ;
; motor_pwm_r[9]     ; 50    ; 4        ; 7            ; 3            ; 1           ; no              ; no             ; no              ; no         ; no            ; no       ; Off          ; 3.3-V LVTTL  ; 16mA             ; no                     ; User                 ; 10 pF ; -                    ; -                   ;
; sck_host_0         ; 59    ; 4        ; 9            ; 3            ; 1           ; no              ; no             ; no              ; no         ; no            ; no       ; Off          ; 3.3-V LVTTL  ; 16mA             ; no                     ; User                 ; 10 pF ; -                    ; -                   ;
; sck_host_1         ; 121   ; 2        ; 10           ; 11           ; 1           ; no              ; no             ; no              ; no         ; no            ; no       ; Off          ; 3.3-V LVTTL  ; 16mA             ; no                     ; User                 ; 10 pF ; -                    ; -                   ;
; scl_host           ; 66    ; 4        ; 12           ; 0            ; 1           ; no              ; no             ; no              ; no         ; no            ; no       ; Off          ; 3.3-V LVTTL  ; 16mA             ; no                     ; User                 ; 10 pF ; -                    ; -                   ;
; ss_host[0]         ; 60    ; 4        ; 9            ; 3            ; 0           ; no              ; no             ; no              ; no         ; no            ; no       ; Off          ; 3.3-V LVTTL  ; 16mA             ; no                     ; User                 ; 10 pF ; -                    ; -                   ;
; ss_host[1]         ; 119   ; 2        ; 11           ; 11           ; 3           ; no              ; no             ; no              ; no         ; no            ; no       ; Off          ; 3.3-V LVTTL  ; 16mA             ; no                     ; User                 ; 10 pF ; -                    ; -                   ;
; ss_host[2]         ; 120   ; 2        ; 10           ; 11           ; 0           ; no              ; no             ; no              ; no         ; no            ; no       ; Off          ; 3.3-V LVTTL  ; 16mA             ; no                     ; User                 ; 10 pF ; -                    ; -                   ;
; ss_host[3]         ; 14    ; 1        ; 0            ; 7            ; 2           ; no              ; no             ; no              ; no         ; no            ; no       ; Off          ; 3.3-V LVTTL  ; 16mA             ; no                     ; Fitter               ; 10 pF ; -                    ; -                   ;
; ss_host[4]         ; 15    ; 1        ; 0            ; 7            ; 3           ; no              ; no             ; no              ; no         ; no            ; no       ; Off          ; 3.3-V LVTTL  ; 16mA             ; no                     ; Fitter               ; 10 pF ; -                    ; -                   ;
; ss_host[5]         ; 16    ; 1        ; 0            ; 7            ; 4           ; no              ; no             ; no              ; no         ; no            ; no       ; Off          ; 3.3-V LVTTL  ; 16mA             ; no                     ; Fitter               ; 10 pF ; -                    ; -                   ;
; ss_host[6]         ; 20    ; 1        ; 0            ; 7            ; 6           ; no              ; no             ; no              ; no         ; no            ; no       ; Off          ; 3.3-V LVTTL  ; 16mA             ; no                     ; Fitter               ; 10 pF ; -                    ; -                   ;
; ss_host[7]         ; 21    ; 1        ; 0            ; 6            ; 0           ; no              ; no             ; no              ; no         ; no            ; no       ; Off          ; 3.3-V LVTTL  ; 16mA             ; no                     ; Fitter               ; 10 pF ; -                    ; -                   ;
; status[0]          ; 32    ; 1        ; 0            ; 4            ; 5           ; no              ; no             ; no              ; no         ; no            ; no       ; Off          ; 3.3-V LVTTL  ; 16mA             ; no                     ; User                 ; 10 pF ; -                    ; -                   ;
; status[1]          ; 31    ; 1        ; 0            ; 4            ; 2           ; no              ; no             ; no              ; no         ; no            ; no       ; Off          ; 3.3-V LVTTL  ; 16mA             ; no                     ; User                 ; 10 pF ; -                    ; -                   ;
; status[2]          ; 30    ; 1        ; 0            ; 5            ; 6           ; no              ; no             ; no              ; no         ; no            ; no       ; Off          ; 3.3-V LVTTL  ; 16mA             ; no                     ; User                 ; 10 pF ; -                    ; -                   ;
; status[3]          ; 29    ; 1        ; 0            ; 5            ; 2           ; no              ; no             ; no              ; no         ; no            ; no       ; Off          ; 3.3-V LVTTL  ; 16mA             ; no                     ; User                 ; 10 pF ; -                    ; -                   ;
; status[4]          ; 28    ; 1        ; 0            ; 5            ; 1           ; no              ; no             ; no              ; no         ; no            ; no       ; Off          ; 3.3-V LVTTL  ; 16mA             ; no                     ; User                 ; 10 pF ; -                    ; -                   ;
; status[5]          ; 27    ; 1        ; 0            ; 6            ; 5           ; no              ; no             ; no              ; no         ; no            ; no       ; Off          ; 3.3-V LVTTL  ; 16mA             ; no                     ; User                 ; 10 pF ; -                    ; -                   ;
; status[6]          ; 1     ; 1        ; 0            ; 10           ; 2           ; no              ; no             ; no              ; no         ; no            ; no       ; Off          ; 3.3-V LVTTL  ; 16mA             ; no                     ; Fitter               ; 10 pF ; -                    ; -                   ;
; status[7]          ; 2     ; 1        ; 0            ; 10           ; 3           ; no              ; no             ; no              ; no         ; no            ; no       ; Off          ; 3.3-V LVTTL  ; 16mA             ; no                     ; Fitter               ; 10 pF ; -                    ; -                   ;
; uart_tx            ; 23    ; 1        ; 0            ; 6            ; 2           ; no              ; no             ; no              ; no         ; no            ; no       ; Off          ; 3.3-V LVTTL  ; 16mA             ; no                     ; User                 ; 10 pF ; -                    ; -                   ;
; ultrasonic_trig[0] ; 118   ; 2        ; 11           ; 11           ; 2           ; no              ; no             ; no              ; no         ; no            ; no       ; Off          ; 3.3-V LVTTL  ; 16mA             ; no                     ; User                 ; 10 pF ; -                    ; -                   ;
; ultrasonic_trig[1] ; 117   ; 2        ; 11           ; 11           ; 1           ; no              ; no             ; no              ; no         ; no            ; no       ; Off          ; 3.3-V LVTTL  ; 16mA             ; no                     ; User                 ; 10 pF ; -                    ; -                   ;
; ultrasonic_trig[2] ; 114   ; 2        ; 12           ; 11           ; 1           ; no              ; no             ; no              ; no         ; no            ; no       ; Off          ; 3.3-V LVTTL  ; 16mA             ; no                     ; User                 ; 10 pF ; -                    ; -                   ;
; ultrasonic_trig[3] ; 113   ; 2        ; 13           ; 11           ; 1           ; no              ; no             ; no              ; no         ; no            ; no       ; Off          ; 3.3-V LVTTL  ; 16mA             ; no                     ; User                 ; 10 pF ; -                    ; -                   ;
; ultrasonic_trig[4] ; 112   ; 2        ; 14           ; 11           ; 1           ; no              ; no             ; no              ; no         ; no            ; no       ; Off          ; 3.3-V LVTTL  ; 16mA             ; no                     ; User                 ; 10 pF ; -                    ; -                   ;
; ultrasonic_trig[5] ; 111   ; 2        ; 15           ; 11           ; 0           ; no              ; no             ; no              ; no         ; no            ; no       ; Off          ; 3.3-V LVTTL  ; 16mA             ; no                     ; User                 ; 10 pF ; -                    ; -                   ;
; ultrasonic_trig[6] ; 110   ; 2        ; 16           ; 11           ; 2           ; no              ; no             ; no              ; no         ; no            ; no       ; Off          ; 3.3-V LVTTL  ; 16mA             ; no                     ; User                 ; 10 pF ; -                    ; -                   ;
; ultrasonic_trig[7] ; 109   ; 2        ; 16           ; 11           ; 1           ; no              ; no             ; no              ; no         ; no            ; no       ; Off          ; 3.3-V LVTTL  ; 16mA             ; no                     ; User                 ; 10 pF ; -                    ; -                   ;
+--------------------+-------+----------+--------------+--------------+-------------+-----------------+----------------+-----------------+------------+---------------+----------+--------------+--------------+------------------+------------------------+----------------------+-------+----------------------+---------------------+


+-------------------------------------------------------------------------------------------------------------------------------------------------------------------------------------------------------------------------------------------------------------------------------------------------------------------------------------------------------------------+
; Bidir Pins                                                                                                                                                                                                                                                                                                                                                        ;
+-----------+-------+----------+--------------+--------------+-------------+-----------------------+--------------------+--------+-----------------+----------------+-----------------+------------+----------+--------------+--------------+------------------+------------------------+----------------------+-------+----------------------+---------------------+
; Name      ; Pin # ; I/O Bank ; X coordinate ; Y coordinate ; Cell number ; Combinational Fan-Out ; Registered Fan-Out ; Global ; Output Register ; Slow Slew Rate ; PCI I/O Enabled ; Open Drain ; Bus Hold ; Weak Pull Up ; I/O Standard ; Current Strength ; Fast Output Connection ; Location assigned by ; Load  ; Output Enable Source ; Output Enable Group ;
+-----------+-------+----------+--------------+--------------+-------------+-----------------------+--------------------+--------+-----------------+----------------+-----------------+------------+----------+--------------+--------------+------------------+------------------------+----------------------+-------+----------------------+---------------------+
; sda_host  ; 67    ; 4        ; 12           ; 0            ; 0           ; 0                     ; 0                  ; no     ; no              ; no             ; no              ; yes        ; no       ; Off          ; 3.3-V LVTTL  ; 16mA             ; no                     ; User                 ; 10 pF ; -                    ; -                   ;
; sda_slave ; 7     ; 1        ; 0            ; 8            ; 0           ; 0                     ; 0                  ; no     ; no              ; no             ; no              ; yes        ; no       ; Off          ; 3.3-V LVTTL  ; 16mA             ; no                     ; User                 ; 10 pF ; -                    ; -                   ;
+-----------+-------+----------+--------------+--------------+-------------+-----------------------+--------------------+--------+-----------------+----------------+-----------------+------------+----------+--------------+--------------+------------------+------------------------+----------------------+-------+----------------------+---------------------+


+-------------------------------------------------------------+
; I/O Bank Usage                                              ;
+----------+-------------------+---------------+--------------+
; I/O Bank ; Usage             ; VCCIO Voltage ; VREF Voltage ;
+----------+-------------------+---------------+--------------+
; 1        ; 24 / 25 ( 96 % )  ; 3.3V          ; --           ;
; 2        ; 28 / 30 ( 93 % )  ; 3.3V          ; --           ;
; 3        ; 29 / 29 ( 100 % ) ; 3.3V          ; --           ;
; 4        ; 21 / 30 ( 70 % )  ; 3.3V          ; --           ;
+----------+-------------------+---------------+--------------+


+----------------------------------------------------------------------------------------------------------------------------------------------------------------+
; All Package Pins                                                                                                                                               ;
+----------+------------+----------+--------------------+--------+----------------------------+---------+------------+-----------------+----------+--------------+
; Location ; Pad Number ; I/O Bank ; Pin Name/Usage     ; Dir.   ; I/O Standard               ; Voltage ; I/O Type   ; User Assignment ; Bus Hold ; Weak Pull Up ;
+----------+------------+----------+--------------------+--------+----------------------------+---------+------------+-----------------+----------+--------------+
; 1        ; 2          ; 1        ; status[6]          ; output ; 3.3-V LVTTL                ;         ; Row I/O    ; N               ; no       ; Off          ;
; 2        ; 3          ; 1        ; status[7]          ; output ; 3.3-V LVTTL                ;         ; Row I/O    ; N               ; no       ; Off          ;
; 3        ; 5          ; 1        ; miso_slave         ; output ; 3.3-V LVTTL                ;         ; Row I/O    ; Y               ; no       ; Off          ;
; 4        ; 7          ; 1        ; mosi_slave         ; input  ; 3.3-V LVTTL                ;         ; Row I/O    ; Y               ; no       ; Off          ;
; 5        ; 9          ; 1        ; sck_slave          ; input  ; 3.3-V LVTTL                ;         ; Row I/O    ; Y               ; no       ; Off          ;
; 6        ; 10         ; 1        ; ss_slave           ; input  ; 3.3-V LVTTL                ;         ; Row I/O    ; Y               ; no       ; Off          ;
; 7        ; 14         ; 1        ; sda_slave          ; bidir  ; 3.3-V LVTTL                ;         ; Row I/O    ; Y               ; no       ; Off          ;
; 8        ; 15         ; 1        ; scl_slave          ; input  ; 3.3-V LVTTL                ;         ; Row I/O    ; Y               ; no       ; Off          ;
; 9        ;            ; 1        ; VCCIO1             ; power  ;                            ; 3.3V    ; --         ;                 ; --       ; --           ;
; 10       ;            ;          ; GNDIO              ; gnd    ;                            ;         ; --         ;                 ; --       ; --           ;
; 11       ;            ;          ; GNDIO              ; gnd    ;                            ;         ; --         ;                 ; --       ; --           ;
; 12       ; 21         ; 1        ; lock               ; input  ; 3.3-V LVTTL                ;         ; Row I/O    ; Y               ; no       ; Off          ;
; 13       ; 22         ; 1        ; proto_select       ; input  ; 3.3-V LVTTL                ;         ; Row I/O    ; Y               ; no       ; Off          ;
; 14       ; 23         ; 1        ; ss_host[3]         ; output ; 3.3-V LVTTL                ;         ; Row I/O    ; N               ; no       ; Off          ;
; 15       ; 24         ; 1        ; ss_host[4]         ; output ; 3.3-V LVTTL                ;         ; Row I/O    ; N               ; no       ; Off          ;
; 16       ; 25         ; 1        ; ss_host[5]         ; output ; 3.3-V LVTTL                ;         ; Row I/O    ; N               ; no       ; Off          ;
; 17       ;            ;          ; GNDINT             ; gnd    ;                            ;         ; --         ;                 ; --       ; --           ;
; 18       ; 26         ; 1        ; clk                ; input  ; 3.3V Schmitt Trigger Input ;         ; Row I/O    ; Y               ; no       ; Off          ;
; 19       ;            ;          ; VCCINT             ; power  ;                            ; 1.8V    ; --         ;                 ; --       ; --           ;
; 20       ; 27         ; 1        ; ss_host[6]         ; output ; 3.3-V LVTTL                ;         ; Row I/O    ; N               ; no       ; Off          ;
; 21       ; 28         ; 1        ; ss_host[7]         ; output ; 3.3-V LVTTL                ;         ; Row I/O    ; N               ; no       ; Off          ;
; 22       ; 29         ; 1        ; GND*               ;        ;                            ;         ; Row I/O    ;                 ; no       ; Off          ;
; 23       ; 30         ; 1        ; uart_tx            ; output ; 3.3-V LVTTL                ;         ; Row I/O    ; Y               ; no       ; Off          ;
; 24       ; 31         ; 1        ; uart_rx            ; input  ; 3.3-V LVTTL                ;         ; Row I/O    ; Y               ; no       ; Off          ;
; 25       ;            ; 1        ; VCCIO1             ; power  ;                            ; 3.3V    ; --         ;                 ; --       ; --           ;
; 26       ;            ;          ; GNDIO              ; gnd    ;                            ;         ; --         ;                 ; --       ; --           ;
; 27       ; 33         ; 1        ; status[5]          ; output ; 3.3-V LVTTL                ;         ; Row I/O    ; Y               ; no       ; Off          ;
; 28       ; 36         ; 1        ; status[4]          ; output ; 3.3-V LVTTL                ;         ; Row I/O    ; Y               ; no       ; Off          ;
; 29       ; 37         ; 1        ; status[3]          ; output ; 3.3-V LVTTL                ;         ; Row I/O    ; Y               ; no       ; Off          ;
; 30       ; 41         ; 1        ; status[2]          ; output ; 3.3-V LVTTL                ;         ; Row I/O    ; Y               ; no       ; Off          ;
; 31       ; 44         ; 1        ; status[1]          ; output ; 3.3-V LVTTL                ;         ; Row I/O    ; Y               ; no       ; Off          ;
; 32       ; 47         ; 1        ; status[0]          ; output ; 3.3-V LVTTL                ;         ; Row I/O    ; Y               ; no       ; Off          ;
; 33       ; 50         ; 1        ; #TMS               ; input  ;                            ;         ; --         ;                 ; --       ; --           ;
; 34       ; 51         ; 1        ; #TDI               ; input  ;                            ;         ; --         ;                 ; --       ; --           ;
; 35       ; 52         ; 1        ; #TCK               ; input  ;                            ;         ; --         ;                 ; --       ; --           ;
; 36       ; 53         ; 1        ; #TDO               ; output ;                            ;         ; --         ;                 ; --       ; --           ;
; 37       ; 56         ; 4        ; motor_en[2]        ; output ; 3.3-V LVTTL                ;         ; Column I/O ; Y               ; no       ; Off          ;
; 38       ; 57         ; 4        ; motor_pwm_f[2]     ; output ; 3.3-V LVTTL                ;         ; Column I/O ; Y               ; no       ; Off          ;
; 39       ; 60         ; 4        ; motor_pwm_r[2]     ; output ; 3.3-V LVTTL                ;         ; Column I/O ; Y               ; no       ; Off          ;
; 40       ; 62         ; 4        ; motor_en[7]        ; output ; 3.3-V LVTTL                ;         ; Column I/O ; Y               ; no       ; Off          ;
; 41       ; 63         ; 4        ; motor_pwm_f[7]     ; output ; 3.3-V LVTTL                ;         ; Column I/O ; Y               ; no       ; Off          ;
; 42       ; 67         ; 4        ; motor_pwm_r[7]     ; output ; 3.3-V LVTTL                ;         ; Column I/O ; Y               ; no       ; Off          ;
; 43       ; 68         ; 4        ; motor_en[8]        ; output ; 3.3-V LVTTL                ;         ; Column I/O ; Y               ; no       ; Off          ;
; 44       ; 69         ; 4        ; motor_pwm_f[8]     ; output ; 3.3-V LVTTL                ;         ; Column I/O ; Y               ; no       ; Off          ;
; 45       ; 74         ; 4        ; motor_pwm_r[8]     ; output ; 3.3-V LVTTL                ;         ; Column I/O ; Y               ; no       ; Off          ;
; 46       ;            ; 4        ; VCCIO4             ; power  ;                            ; 3.3V    ; --         ;                 ; --       ; --           ;
; 47       ;            ;          ; GNDIO              ; gnd    ;                            ;         ; --         ;                 ; --       ; --           ;
; 48       ; 75         ; 4        ; motor_en[9]        ; output ; 3.3-V LVTTL                ;         ; Column I/O ; Y               ; no       ; Off          ;
; 49       ; 76         ; 4        ; motor_pwm_f[9]     ; output ; 3.3-V LVTTL                ;         ; Column I/O ; Y               ; no       ; Off          ;
; 50       ; 77         ; 4        ; motor_pwm_r[9]     ; output ; 3.3-V LVTTL                ;         ; Column I/O ; Y               ; no       ; Off          ;
; 51       ; 78         ; 4        ; motor_en[3]        ; output ; 3.3-V LVTTL                ;         ; Column I/O ; Y               ; no       ; Off          ;
; 52       ; 79         ; 4        ; motor_pwm_f[3]     ; output ; 3.3-V LVTTL                ;         ; Column I/O ; Y               ; no       ; Off          ;
; 53       ; 80         ; 4        ; motor_pwm_r[3]     ; output ; 3.3-V LVTTL                ;         ; Column I/O ; Y               ; no       ; Off          ;
; 54       ;            ;          ; GNDINT             ; gnd    ;                            ;         ; --         ;                 ; --       ; --           ;
; 55       ; 81         ; 4        ; GND*               ;        ;                            ;         ; Column I/O ;                 ; no       ; Off          ;
; 56       ;            ;          ; VCCINT             ; power  ;                            ; 1.8V    ; --         ;                 ; --       ; --           ;
; 57       ; 82         ; 4        ; miso_host_0        ; input  ; 3.3-V LVTTL                ;         ; Column I/O ; Y               ; no       ; Off          ;
; 58       ; 83         ; 4        ; mosi_host_0        ; output ; 3.3-V LVTTL                ;         ; Column I/O ; Y               ; no       ; Off          ;
; 59       ; 84         ; 4        ; sck_host_0         ; output ; 3.3-V LVTTL                ;         ; Column I/O ; Y               ; no       ; Off          ;
; 60       ; 85         ; 4        ; ss_host[0]         ; output ; 3.3-V LVTTL                ;         ; Column I/O ; Y               ; no       ; Off          ;
; 61       ; 86         ; 4        ; GND*               ;        ;                            ;         ; Column I/O ;                 ; no       ; Off          ;
; 62       ; 87         ; 4        ; GND*               ;        ;                            ;         ; Column I/O ;                 ; no       ; Off          ;
; 63       ; 88         ; 4        ; GND*               ;        ;                            ;         ; Column I/O ;                 ; no       ; Off          ;
; 64       ;            ; 4        ; VCCIO4             ; power  ;                            ; 3.3V    ; --         ;                 ; --       ; --           ;
; 65       ;            ;          ; GNDIO              ; gnd    ;                            ;         ; --         ;                 ; --       ; --           ;
; 66       ; 91         ; 4        ; scl_host           ; output ; 3.3-V LVTTL                ;         ; Column I/O ; Y               ; no       ; Off          ;
; 67       ; 92         ; 4        ; sda_host           ; bidir  ; 3.3-V LVTTL                ;         ; Column I/O ; Y               ; no       ; Off          ;
; 68       ; 95         ; 4        ; GND*               ;        ;                            ;         ; Column I/O ;                 ; no       ; Off          ;
; 69       ; 98         ; 4        ; GND*               ;        ;                            ;         ; Column I/O ;                 ; no       ; Off          ;
; 70       ; 101        ; 4        ; GND*               ;        ;                            ;         ; Column I/O ;                 ; no       ; Off          ;
; 71       ; 104        ; 4        ; GND*               ;        ;                            ;         ; Column I/O ;                 ; no       ; Off          ;
; 72       ; 107        ; 4        ; GND*               ;        ;                            ;         ; Column I/O ;                 ; no       ; Off          ;
; 73       ; 111        ; 3        ; encoder_a[9]       ; input  ; 3.3-V LVTTL                ;         ; Row I/O    ; Y               ; no       ; Off          ;
; 74       ; 112        ; 3        ; encoder_b[9]       ; input  ; 3.3-V LVTTL                ;         ; Row I/O    ; Y               ; no       ; Off          ;
; 75       ; 113        ; 3        ; encoder_a[8]       ; input  ; 3.3-V LVTTL                ;         ; Row I/O    ; Y               ; no       ; Off          ;
; 76       ; 115        ; 3        ; encoder_b[8]       ; input  ; 3.3-V LVTTL                ;         ; Row I/O    ; Y               ; no       ; Off          ;
; 77       ; 118        ; 3        ; encoder_a[7]       ; input  ; 3.3-V LVTTL                ;         ; Row I/O    ; Y               ; no       ; Off          ;
; 78       ;            ;          ; GNDIO              ; gnd    ;                            ;         ; --         ;                 ; --       ; --           ;
; 79       ; 123        ; 3        ; encoder_b[7]       ; input  ; 3.3-V LVTTL                ;         ; Row I/O    ; Y               ; no       ; Off          ;
; 80       ; 124        ; 3        ; encoder_a[6]       ; input  ; 3.3-V LVTTL                ;         ; Row I/O    ; Y               ; no       ; Off          ;
; 81       ; 127        ; 3        ; encoder_b[6]       ; input  ; 3.3-V LVTTL                ;         ; Row I/O    ; Y               ; no       ; Off          ;
; 82       ;            ; 3        ; VCCIO3             ; power  ;                            ; 3.3V    ; --         ;                 ; --       ; --           ;
; 83       ;            ;          ; GNDIO              ; gnd    ;                            ;         ; --         ;                 ; --       ; --           ;
; 84       ; 129        ; 3        ; encoder_a[5]       ; input  ; 3.3-V LVTTL                ;         ; Row I/O    ; Y               ; no       ; Off          ;
; 85       ; 130        ; 3        ; encoder_b[5]       ; input  ; 3.3-V LVTTL                ;         ; Row I/O    ; Y               ; no       ; Off          ;
; 86       ; 131        ; 3        ; encoder_a[4]       ; input  ; 3.3-V LVTTL                ;         ; Row I/O    ; Y               ; no       ; Off          ;
; 87       ; 132        ; 3        ; encoder_b[4]       ; input  ; 3.3-V LVTTL                ;         ; Row I/O    ; Y               ; no       ; Off          ;
; 88       ; 133        ; 3        ; encoder_a[3]       ; input  ; 3.3-V LVTTL                ;         ; Row I/O    ; Y               ; no       ; Off          ;
; 89       ; 134        ; 3        ; encoder_b[3]       ; input  ; 3.3-V LVTTL                ;         ; Row I/O    ; Y               ; no       ; Off          ;
; 90       ;            ;          ; VCCINT             ; power  ;                            ; 1.8V    ; --         ;                 ; --       ; --           ;
; 91       ; 135        ; 3        ; clk_comm           ; input  ; 3.3V Schmitt Trigger Input ;         ; Row I/O    ; Y               ; no       ; Off          ;
; 92       ;            ;          ; GNDINT             ; gnd    ;                            ;         ; --         ;                 ; --       ; --           ;
; 93       ; 136        ; 3        ; encoder_a[2]       ; input  ; 3.3-V LVTTL                ;         ; Row I/O    ; Y               ; no       ; Off          ;
; 94       ; 137        ; 3        ; encoder_b[2]       ; input  ; 3.3-V LVTTL                ;         ; Row I/O    ; Y               ; no       ; Off          ;
; 95       ; 138        ; 3        ; encoder_a[1]       ; input  ; 3.3-V LVTTL                ;         ; Row I/O    ; Y               ; no       ; Off          ;
; 96       ; 139        ; 3        ; encoder_b[1]       ; input  ; 3.3-V LVTTL                ;         ; Row I/O    ; Y               ; no       ; Off          ;
; 97       ; 140        ; 3        ; encoder_a[0]       ; input  ; 3.3-V LVTTL                ;         ; Row I/O    ; Y               ; no       ; Off          ;
; 98       ; 141        ; 3        ; encoder_b[0]       ; input  ; 3.3-V LVTTL                ;         ; Row I/O    ; Y               ; no       ; Off          ;
; 99       ;            ;          ; GNDIO              ; gnd    ;                            ;         ; --         ;                 ; --       ; --           ;
; 100      ;            ; 3        ; VCCIO3             ; power  ;                            ; 3.3V    ; --         ;                 ; --       ; --           ;
; 101      ; 142        ; 3        ; ultrasonic_echo[7] ; input  ; 3.3-V PCI                  ;         ; Row I/O    ; Y               ; no       ; Off          ;
; 102      ; 146        ; 3        ; ultrasonic_echo[6] ; input  ; 3.3-V PCI                  ;         ; Row I/O    ; Y               ; no       ; Off          ;
; 103      ; 147        ; 3        ; ultrasonic_echo[5] ; input  ; 3.3-V PCI                  ;         ; Row I/O    ; Y               ; no       ; Off          ;
; 104      ; 151        ; 3        ; ultrasonic_echo[4] ; input  ; 3.3-V PCI                  ;         ; Row I/O    ; Y               ; no       ; Off          ;
; 105      ; 152        ; 3        ; ultrasonic_echo[3] ; input  ; 3.3-V PCI                  ;         ; Row I/O    ; Y               ; no       ; Off          ;
; 106      ; 154        ; 3        ; ultrasonic_echo[2] ; input  ; 3.3-V PCI                  ;         ; Row I/O    ; Y               ; no       ; Off          ;
; 107      ; 156        ; 3        ; ultrasonic_echo[1] ; input  ; 3.3-V PCI                  ;         ; Row I/O    ; Y               ; no       ; Off          ;
; 108      ; 158        ; 3        ; ultrasonic_echo[0] ; input  ; 3.3-V PCI                  ;         ; Row I/O    ; Y               ; no       ; Off          ;
; 109      ; 164        ; 2        ; ultrasonic_trig[7] ; output ; 3.3-V LVTTL                ;         ; Column I/O ; Y               ; no       ; Off          ;
; 110      ; 165        ; 2        ; ultrasonic_trig[6] ; output ; 3.3-V LVTTL                ;         ; Column I/O ; Y               ; no       ; Off          ;
; 111      ; 166        ; 2        ; ultrasonic_trig[5] ; output ; 3.3-V LVTTL                ;         ; Column I/O ; Y               ; no       ; Off          ;
; 112      ; 171        ; 2        ; ultrasonic_trig[4] ; output ; 3.3-V LVTTL                ;         ; Column I/O ; Y               ; no       ; Off          ;
; 113      ; 174        ; 2        ; ultrasonic_trig[3] ; output ; 3.3-V LVTTL                ;         ; Column I/O ; Y               ; no       ; Off          ;
; 114      ; 177        ; 2        ; ultrasonic_trig[2] ; output ; 3.3-V LVTTL                ;         ; Column I/O ; Y               ; no       ; Off          ;
; 115      ;            ;          ; GNDIO              ; gnd    ;                            ;         ; --         ;                 ; --       ; --           ;
; 116      ;            ; 2        ; VCCIO2             ; power  ;                            ; 3.3V    ; --         ;                 ; --       ; --           ;
; 117      ; 180        ; 2        ; ultrasonic_trig[1] ; output ; 3.3-V LVTTL                ;         ; Column I/O ; Y               ; no       ; Off          ;
; 118      ; 181        ; 2        ; ultrasonic_trig[0] ; output ; 3.3-V LVTTL                ;         ; Column I/O ; Y               ; no       ; Off          ;
; 119      ; 182        ; 2        ; ss_host[1]         ; output ; 3.3-V LVTTL                ;         ; Column I/O ; Y               ; no       ; Off          ;
; 120      ; 183        ; 2        ; ss_host[2]         ; output ; 3.3-V LVTTL                ;         ; Column I/O ; Y               ; no       ; Off          ;
; 121      ; 184        ; 2        ; sck_host_1         ; output ; 3.3-V LVTTL                ;         ; Column I/O ; Y               ; no       ; Off          ;
; 122      ; 185        ; 2        ; mosi_host_1        ; output ; 3.3-V LVTTL                ;         ; Column I/O ; Y               ; no       ; Off          ;
; 123      ; 186        ; 2        ; miso_host_1        ; input  ; 3.3-V LVTTL                ;         ; Column I/O ; Y               ; no       ; Off          ;
; 124      ; 187        ; 2        ; GND*               ;        ;                            ;         ; Column I/O ;                 ; no       ; Off          ;
; 125      ; 188        ; 2        ; GND*               ;        ;                            ;         ; Column I/O ;                 ; no       ; Off          ;
; 126      ;            ;          ; VCCINT             ; power  ;                            ; 1.8V    ; --         ;                 ; --       ; --           ;
; 127      ; 189        ; 2        ; motor_pwm_r[0]     ; output ; 3.3-V LVTTL                ;         ; Column I/O ; Y               ; no       ; Off          ;
; 128      ;            ;          ; GNDINT             ; gnd    ;                            ;         ; --         ;                 ; --       ; --           ;
; 129      ; 190        ; 2        ; motor_pwm_f[0]     ; output ; 3.3-V LVTTL                ;         ; Column I/O ; Y               ; no       ; Off          ;
; 130      ; 191        ; 2        ; motor_en[0]        ; output ; 3.3-V LVTTL                ;         ; Column I/O ; Y               ; no       ; Off          ;
; 131      ; 192        ; 2        ; motor_pwm_r[4]     ; output ; 3.3-V LVTTL                ;         ; Column I/O ; Y               ; no       ; Off          ;
; 132      ; 193        ; 2        ; motor_pwm_f[4]     ; output ; 3.3-V LVTTL                ;         ; Column I/O ; Y               ; no       ; Off          ;
; 133      ; 194        ; 2        ; motor_en[4]        ; output ; 3.3-V LVTTL                ;         ; Column I/O ; Y               ; no       ; Off          ;
; 134      ; 195        ; 2        ; motor_pwm_r[5]     ; output ; 3.3-V LVTTL                ;         ; Column I/O ; Y               ; no       ; Off          ;
; 135      ;            ;          ; GNDIO              ; gnd    ;                            ;         ; --         ;                 ; --       ; --           ;
; 136      ;            ; 2        ; VCCIO2             ; power  ;                            ; 3.3V    ; --         ;                 ; --       ; --           ;
; 137      ; 199        ; 2        ; motor_pwm_f[5]     ; output ; 3.3-V LVTTL                ;         ; Column I/O ; Y               ; no       ; Off          ;
; 138      ; 200        ; 2        ; motor_en[5]        ; output ; 3.3-V LVTTL                ;         ; Column I/O ; Y               ; no       ; Off          ;
; 139      ; 201        ; 2        ; motor_pwm_r[6]     ; output ; 3.3-V LVTTL                ;         ; Column I/O ; Y               ; no       ; Off          ;
; 140      ; 204        ; 2        ; motor_pwm_f[6]     ; output ; 3.3-V LVTTL                ;         ; Column I/O ; Y               ; no       ; Off          ;
; 141      ; 205        ; 2        ; motor_en[6]        ; output ; 3.3-V LVTTL                ;         ; Column I/O ; Y               ; no       ; Off          ;
; 142      ; 208        ; 2        ; motor_pwm_r[1]     ; output ; 3.3-V LVTTL                ;         ; Column I/O ; Y               ; no       ; Off          ;
; 143      ; 212        ; 2        ; motor_pwm_f[1]     ; output ; 3.3-V LVTTL                ;         ; Column I/O ; Y               ; no       ; Off          ;
; 144      ; 215        ; 2        ; motor_en[1]        ; output ; 3.3-V LVTTL                ;         ; Column I/O ; Y               ; no       ; Off          ;
+----------+------------+----------+--------------------+--------+----------------------------+---------+------------+-----------------+----------+--------------+
Note: Pin directions (input, output or bidir) are based on device operating in user mode.


+-------------------------------------------------------------+
; Output Pin Default Load For Reported TCO                    ;
+----------------------------+-------+------------------------+
; I/O Standard               ; Load  ; Termination Resistance ;
+----------------------------+-------+------------------------+
; 3.3-V LVTTL                ; 10 pF ; Not Available          ;
; 3.3-V LVCMOS               ; 10 pF ; Not Available          ;
; 2.5 V                      ; 10 pF ; Not Available          ;
; 1.8 V                      ; 10 pF ; Not Available          ;
; 1.5 V                      ; 10 pF ; Not Available          ;
; 3.3V Schmitt Trigger Input ; 10 pF ; Not Available          ;
; 2.5V Schmitt Trigger Input ; 10 pF ; Not Available          ;
; 1.2 V                      ; 10 pF ; Not Available          ;
; LVDS_E_3R                  ; 10 pF ; Not Available          ;
; RSDS_E_3R                  ; 10 pF ; Not Available          ;
; 3.3-V PCI                  ; 10 pF ; 25 Ohm (Parallel)      ;
+----------------------------+-------+------------------------+
Note: User assignments will override these defaults. The user specified values are listed in the Output Pins and Bidir Pins tables.


+----------------------------------------------------------------------------------------------------------------------------------------------------------------------------------------------------------------------+
; Fitter Resource Utilization by Entity                                                                                                                                                                                ;
+----------------------------+-------------+--------------+------------+------+--------------+--------------+-------------------+------------------+-----------------+------------+---------------------+--------------+
; Compilation Hierarchy Node ; Logic Cells ; LC Registers ; UFM Blocks ; Pins ; Virtual Pins ; LUT-Only LCs ; Register-Only LCs ; LUT/Register LCs ; Carry Chain LCs ; Packed LCs ; Full Hierarchy Name ; Library Name ;
+----------------------------+-------------+--------------+------------+------+--------------+--------------+-------------------+------------------+-----------------+------------+---------------------+--------------+
; |MobilityMSI               ; 0 (0)       ; 0            ; 0          ; 102  ; 0            ; 0 (0)        ; 0 (0)             ; 0 (0)            ; 0 (0)           ; 0 (0)      ; |MobilityMSI        ; work         ;
+----------------------------+-------------+--------------+------------+------+--------------+--------------+-------------------+------------------+-----------------+------------+---------------------+--------------+
Note: For table entries with two numbers listed, the numbers in parentheses indicate the number of resources of the given type used by the specific entity alone. The numbers listed outside of parentheses indicate the total resources of the given type used by the specific entity and all of its sub-entities in the hierarchy.


+-----------------------------------------------+
; Delay Chain Summary                           ;
+--------------------+----------+---------------+
; Name               ; Pin Type ; Pad to Core 0 ;
+--------------------+----------+---------------+
; clk                ; Input    ; (0)           ;
; clk_comm           ; Input    ; (0)           ;
; lock               ; Input    ; (0)           ;
; proto_select       ; Input    ; (0)           ;
; status[0]          ; Output   ; --            ;
; status[1]          ; Output   ; --            ;
; status[2]          ; Output   ; --            ;
; status[3]          ; Output   ; --            ;
; status[4]          ; Output   ; --            ;
; status[5]          ; Output   ; --            ;
; status[6]          ; Output   ; --            ;
; status[7]          ; Output   ; --            ;
; scl_host           ; Output   ; --            ;
; scl_slave          ; Input    ; (0)           ;
; miso_host_0        ; Input    ; (0)           ;
; mosi_host_0        ; Output   ; --            ;
; sck_host_0         ; Output   ; --            ;
; miso_host_1        ; Input    ; (0)           ;
; mosi_host_1        ; Output   ; --            ;
; sck_host_1         ; Output   ; --            ;
; ss_host[0]         ; Output   ; --            ;
; ss_host[1]         ; Output   ; --            ;
; ss_host[2]         ; Output   ; --            ;
; ss_host[3]         ; Output   ; --            ;
; ss_host[4]         ; Output   ; --            ;
; ss_host[5]         ; Output   ; --            ;
; ss_host[6]         ; Output   ; --            ;
; ss_host[7]         ; Output   ; --            ;
; miso_slave         ; Output   ; --            ;
; mosi_slave         ; Input    ; (0)           ;
; sck_slave          ; Input    ; (0)           ;
; ss_slave           ; Input    ; (0)           ;
; uart_rx            ; Input    ; (0)           ;
; uart_tx            ; Output   ; --            ;
; motor_en[0]        ; Output   ; --            ;
; motor_en[1]        ; Output   ; --            ;
; motor_en[2]        ; Output   ; --            ;
; motor_en[3]        ; Output   ; --            ;
; motor_en[4]        ; Output   ; --            ;
; motor_en[5]        ; Output   ; --            ;
; motor_en[6]        ; Output   ; --            ;
; motor_en[7]        ; Output   ; --            ;
; motor_en[8]        ; Output   ; --            ;
; motor_en[9]        ; Output   ; --            ;
; motor_pwm_f[0]     ; Output   ; --            ;
; motor_pwm_f[1]     ; Output   ; --            ;
; motor_pwm_f[2]     ; Output   ; --            ;
; motor_pwm_f[3]     ; Output   ; --            ;
; motor_pwm_f[4]     ; Output   ; --            ;
; motor_pwm_f[5]     ; Output   ; --            ;
; motor_pwm_f[6]     ; Output   ; --            ;
; motor_pwm_f[7]     ; Output   ; --            ;
; motor_pwm_f[8]     ; Output   ; --            ;
; motor_pwm_f[9]     ; Output   ; --            ;
; motor_pwm_r[0]     ; Output   ; --            ;
; motor_pwm_r[1]     ; Output   ; --            ;
; motor_pwm_r[2]     ; Output   ; --            ;
; motor_pwm_r[3]     ; Output   ; --            ;
; motor_pwm_r[4]     ; Output   ; --            ;
; motor_pwm_r[5]     ; Output   ; --            ;
; motor_pwm_r[6]     ; Output   ; --            ;
; motor_pwm_r[7]     ; Output   ; --            ;
; motor_pwm_r[8]     ; Output   ; --            ;
; motor_pwm_r[9]     ; Output   ; --            ;
; encoder_a[0]       ; Input    ; (0)           ;
; encoder_a[1]       ; Input    ; (0)           ;
; encoder_a[2]       ; Input    ; (0)           ;
; encoder_a[3]       ; Input    ; (0)           ;
; encoder_a[4]       ; Input    ; (0)           ;
; encoder_a[5]       ; Input    ; (0)           ;
; encoder_a[6]       ; Input    ; (0)           ;
; encoder_a[7]       ; Input    ; (0)           ;
; encoder_a[8]       ; Input    ; (0)           ;
; encoder_a[9]       ; Input    ; (0)           ;
; encoder_b[0]       ; Input    ; (0)           ;
; encoder_b[1]       ; Input    ; (0)           ;
; encoder_b[2]       ; Input    ; (0)           ;
; encoder_b[3]       ; Input    ; (0)           ;
; encoder_b[4]       ; Input    ; (0)           ;
; encoder_b[5]       ; Input    ; (0)           ;
; encoder_b[6]       ; Input    ; (0)           ;
; encoder_b[7]       ; Input    ; (0)           ;
; encoder_b[8]       ; Input    ; (0)           ;
; encoder_b[9]       ; Input    ; (0)           ;
; ultrasonic_trig[0] ; Output   ; --            ;
; ultrasonic_trig[1] ; Output   ; --            ;
; ultrasonic_trig[2] ; Output   ; --            ;
; ultrasonic_trig[3] ; Output   ; --            ;
; ultrasonic_trig[4] ; Output   ; --            ;
; ultrasonic_trig[5] ; Output   ; --            ;
; ultrasonic_trig[6] ; Output   ; --            ;
; ultrasonic_trig[7] ; Output   ; --            ;
; ultrasonic_echo[0] ; Input    ; (0)           ;
; ultrasonic_echo[1] ; Input    ; (0)           ;
; ultrasonic_echo[2] ; Input    ; (0)           ;
; ultrasonic_echo[3] ; Input    ; (0)           ;
; ultrasonic_echo[4] ; Input    ; (0)           ;
; ultrasonic_echo[5] ; Input    ; (0)           ;
; ultrasonic_echo[6] ; Input    ; (0)           ;
; ultrasonic_echo[7] ; Input    ; (0)           ;
; sda_host           ; Bidir    ; (0)           ;
; sda_slave          ; Bidir    ; (0)           ;
+--------------------+----------+---------------+


+-------------------------------------------+
; Routing Usage Summary                     ;
+-----------------------+-------------------+
; Routing Resource Type ; Usage             ;
+-----------------------+-------------------+
; C4s                   ; 0 / 2,870 ( 0 % ) ;
; Direct links          ; 0 / 3,938 ( 0 % ) ;
; Global clocks         ; 0 / 4 ( 0 % )     ;
; LAB clocks            ; 0 / 72 ( 0 % )    ;
; LUT chains            ; 0 / 1,143 ( 0 % ) ;
; Local interconnects   ; 0 / 3,938 ( 0 % ) ;
; R4s                   ; 0 / 2,832 ( 0 % ) ;
+-----------------------+-------------------+


+-------------------------------------------------------------------------+
; Fitter Device Options                                                   ;
+----------------------------------------------+--------------------------+
; Option                                       ; Setting                  ;
+----------------------------------------------+--------------------------+
; Enable user-supplied start-up clock (CLKUSR) ; Off                      ;
; Enable device-wide reset (DEV_CLRn)          ; Off                      ;
; Enable device-wide output enable (DEV_OE)    ; Off                      ;
; Enable INIT_DONE output                      ; Off                      ;
; Configuration scheme                         ; Passive Serial           ;
; Reserve all unused pins                      ; As output driving ground ;
+----------------------------------------------+--------------------------+


+-----------------+
; Fitter Messages ;
+-----------------+
Warning (20028): Parallel compilation is not licensed and has been disabled
Info (119006): Selected device 5M1270ZT144C5 for design "MobilityMSI"
Info (21077): Low junction temperature is 0 degrees C
Info (21077): High junction temperature is 85 degrees C
Info (171003): Fitter is performing an Auto Fit compilation, which may decrease Fitter effort to reduce compilation time
Warning (292013): Feature LogicLock is only available with a valid subscription license. You can purchase a software subscription to gain full access to this feature.
Info (176444): Device migration not selected. If you intend to use device migration later, you may need to change the pin assignments as they may be incompatible with other devices
    Info (176445): Device 5M240ZT144C5 is compatible
    Info (176445): Device 5M240ZT144I5 is compatible
    Info (176445): Device 5M570ZT144C5 is compatible
    Info (176445): Device 5M570ZT144I5 is compatible
    Info (176445): Device 5M1270ZT144I5 is compatible
Critical Warning (169085): No exact pin location assignment(s) for 7 pins of 102 total pins. For the list of the pins please refer to the Input Pins, Output Pins, and Bidir Pins tables in the Fitter report and look for the user pins whose location is assigned by Fitter.
Critical Warning (332012): Synopsys Design Constraints File file not found: 'MobilityMSI.sdc'. A Synopsys Design Constraints File is required by the TimeQuest Timing Analyzer to get proper timing constraints. Without it, the Compiler will not properly optimize the design.
Info (332144): No user constrained base clocks found in the design
Info (332096): The command derive_clocks did not find any clocks to derive.  No clocks were created or changed.
Warning (332068): No clocks defined in design.
Info (332128): Timing requirements not specified -- optimizing circuit to achieve the following default global requirements
    Info (332127): Assuming a default timing requirement
Info (332159): No clocks to report
Warning (332068): No clocks defined in design.
Info (186079): Completed User Assigned Global Signals Promotion Operation
Info (186079): Completed Auto Global Promotion Operation
Info (176234): Starting register packing
Info (186468): Started processing fast register assignments
Info (186469): Finished processing fast register assignments
Info (176235): Finished register packing
Info (176214): Statistics of I/O pins that need to be placed that use the same VCCIO and VREF, before I/O pin placement
    Info (176211): Number of I/O pins in group: 7 (unused VREF, 3.3V VCCIO, 0 input, 7 output, 0 bidirectional)
        Info (176212): I/O standards used: 3.3-V LVTTL.
Info (176215): I/O bank details before I/O pin placement
    Info (176214): Statistics of I/O banks
        Info (176213): I/O bank number 1 does not use VREF pins and has 3.3V VCCIO pins. 17 total pin(s) used --  8 pins available
        Info (176213): I/O bank number 2 does not use VREF pins and has 3.3V VCCIO pins. 28 total pin(s) used --  2 pins available
        Info (176213): I/O bank number 3 does not use VREF pins and has undetermined VCCIO pins. 29 total pin(s) used --  0 pins available
        Info (176213): I/O bank number 4 does not use VREF pins and has 3.3V VCCIO pins. 21 total pin(s) used --  9 pins available
Info (171121): Fitter preparation operations ending: elapsed time is 00:00:01
Info (14896): Fitter has disabled Advanced Physical Optimization because it is not supported for the current family.
Info (170189): Fitter placement preparation operations beginning
Info (170190): Fitter placement preparation operations ending: elapsed time is 00:00:00
Info (170191): Fitter placement operations beginning
Info (170137): Fitter placement was successful
Info (170192): Fitter placement operations ending: elapsed time is 00:00:00
Info (170193): Fitter routing operations beginning
Info (170195): Router estimated average interconnect usage is 0% of the available device resources
    Info (170196): Router estimated peak interconnect usage is 0% of the available device resources in the region that extends from location X9_Y0 to location X17_Y11
Info (170194): Fitter routing operations ending: elapsed time is 00:00:00
Info (170199): The Fitter performed an Auto Fit compilation.  Optimizations were skipped to reduce compilation time.
    Info (170201): Optimizations that may affect the design's routability were skipped
    Info (170200): Optimizations that may affect the design's timing were skipped
Info (11888): Total time spent on timing analysis during the Fitter is 0.03 seconds.
Info (11218): Fitter post-fit operations ending: elapsed time is 00:00:00
Warning (169064): Following 2 pins have no output enable or a GND or VCC output enable - later changes to this connectivity may change fitting results
    Info (169065): Pin sda_host has a permanently disabled output enable
    Info (169065): Pin sda_slave has a permanently disabled output enable
Warning (169174): The Reserve All Unused Pins setting has not been specified, and will default to 'As output driving ground'.
Info (144001): Generated suppressed messages file /home/singularity/cloud/git/MSI-URC-2015/subsystems/experimental/mobility/quartus/output_files/MobilityMSI.fit.smsg
Info: Quartus II 64-Bit Fitter was successful. 0 errors, 8 warnings
    Info: Peak virtual memory: 761 megabytes
    Info: Processing ended: Thu Feb  5 20:36:41 2015
    Info: Elapsed time: 00:00:07
    Info: Total CPU time (on all processors): 00:00:03


+----------------------------+
; Fitter Suppressed Messages ;
+----------------------------+
The suppressed messages can be found in /home/singularity/cloud/git/MSI-URC-2015/subsystems/experimental/mobility/quartus/output_files/MobilityMSI.fit.smsg.


